[debug] [2023-01-11T13:44:06.821Z] ----------------------------------------------------------------------
[debug] [2023-01-11T13:44:06.824Z] Command:       C:\Program Files\nodejs\node.exe C:\Users\adity\AppData\Roaming\npm\node_modules\firebase-tools\lib\bin\firebase.js init
[debug] [2023-01-11T13:44:06.825Z] CLI Version:   10.2.1
[debug] [2023-01-11T13:44:06.825Z] Platform:      win32
[debug] [2023-01-11T13:44:06.825Z] Node Version:  v14.17.5
[debug] [2023-01-11T13:44:06.832Z] Time:          Wed Jan 11 2023 19:14:06 GMT+0530 (India Standard Time)
[debug] [2023-01-11T13:44:06.832Z] ----------------------------------------------------------------------
[debug] 
[debug] [2023-01-11T13:44:06.842Z] >>> [apiv2][query] GET https://firebase-public.firebaseio.com/cli.json [none]
[debug] [2023-01-11T13:44:07.065Z] > command requires scopes: ["email","openid","https://www.googleapis.com/auth/cloudplatformprojects.readonly","https://www.googleapis.com/auth/firebase","https://www.googleapis.com/auth/cloud-platform"]
[debug] [2023-01-11T13:44:07.066Z] > authorizing via signed-in user (adityjoshi110@gmail.com)
[info] 
     ######## #### ########  ######## ########     ###     ######  ########
     ##        ##  ##     ## ##       ##     ##  ##   ##  ##       ##
     ######    ##  ########  ######   ########  #########  ######  ######
     ##        ##  ##    ##  ##       ##     ## ##     ##       ## ##
     ##       #### ##     ## ######## ########  ##     ##  ######  ########

You're about to initialize a Firebase project in this directory:

  D:\Important files\Aditya\btech\major\quora-clone-master

Before we get started, keep in mind:

  * You are initializing within an existing Firebase project directory

[debug] [2023-01-11T13:44:08.164Z] <<< [apiv2][status] GET https://firebase-public.firebaseio.com/cli.json 200
[debug] [2023-01-11T13:44:08.168Z] <<< [apiv2][body] GET https://firebase-public.firebaseio.com/cli.json {"cloudBuildErrorAfter":1594252800000,"cloudBuildWarnAfter":1590019200000,"defaultNode10After":1594252800000,"minVersion":"3.0.5","node8DeploysDisabledAfter":1613390400000,"node8RuntimeDisabledAfter":1615809600000,"node8WarnAfter":1600128000000}
